[Mon, 09 Apr 18 03:24:41 +0700][ERROR] [2]: EventController handler class cannot be loaded

[Mon, 09 Apr 18 03:24:42 +0700][ERROR] [2]: EventController handler class cannot be loaded

[Mon, 09 Apr 18 03:24:43 +0700][ERROR] [2]: EventController handler class cannot be loaded

[Mon, 09 Apr 18 03:24:43 +0700][ERROR] [2]: EventController handler class cannot be loaded

[Mon, 09 Apr 18 03:24:45 +0700][ERROR] [2]: EventController handler class cannot be loaded

[Mon, 09 Apr 18 03:59:51 +0700][ERROR] [2]: VendorController handler class cannot be loaded

[Mon, 09 Apr 18 03:59:51 +0700][ERROR] [2]: VendorController handler class cannot be loaded

[Mon, 09 Apr 18 03:59:54 +0700][ERROR] [2]: VendorController handler class cannot be loaded

[Mon, 09 Apr 18 03:59:54 +0700][ERROR] [2]: VendorController handler class cannot be loaded

[Mon, 09 Apr 18 03:59:55 +0700][ERROR] [2]: VendorController handler class cannot be loaded

[Mon, 09 Apr 18 03:59:55 +0700][ERROR] [2]: VendorController handler class cannot be loaded

[Mon, 09 Apr 18 03:59:55 +0700][ERROR] [2]: VendorController handler class cannot be loaded

[Mon, 09 Apr 18 03:59:55 +0700][ERROR] [2]: VendorController handler class cannot be loaded

[Mon, 09 Apr 18 03:59:56 +0700][ERROR] [2]: AddController handler class cannot be loaded

[Mon, 09 Apr 18 03:59:57 +0700][ERROR] [2]: VendorController handler class cannot be loaded

[Mon, 09 Apr 18 03:59:58 +0700][ERROR] [2]: VendorController handler class cannot be loaded

[Mon, 09 Apr 18 04:00:00 +0700][ERROR] [2]: VendorController handler class cannot be loaded

[Mon, 09 Apr 18 04:00:00 +0700][ERROR] [2]: VendorController handler class cannot be loaded

[Mon, 09 Apr 18 04:13:09 +0700][ERROR] [2]: VendorController handler class cannot be loaded

[Mon, 09 Apr 18 04:13:09 +0700][ERROR] [2]: VendorController handler class cannot be loaded

[Mon, 09 Apr 18 04:13:15 +0700][ERROR] [2]: VendorController handler class cannot be loaded

[Mon, 09 Apr 18 04:13:15 +0700][ERROR] [2]: VendorController handler class cannot be loaded

[Mon, 09 Apr 18 04:13:16 +0700][ERROR] [2]: VendorController handler class cannot be loaded

[Mon, 09 Apr 18 04:13:16 +0700][ERROR] [2]: VendorController handler class cannot be loaded

[Mon, 09 Apr 18 04:13:56 +0700][ERROR] [2]: VendorController handler class cannot be loaded

[Mon, 09 Apr 18 04:13:57 +0700][ERROR] [2]: VendorController handler class cannot be loaded

[Mon, 09 Apr 18 04:13:57 +0700][ERROR] [2]: VendorController handler class cannot be loaded

[Mon, 09 Apr 18 04:13:57 +0700][ERROR] [2]: VendorController handler class cannot be loaded

[Mon, 09 Apr 18 04:13:57 +0700][ERROR] [2]: VendorController handler class cannot be loaded

[Mon, 09 Apr 18 04:13:57 +0700][ERROR] [2]: VendorController handler class cannot be loaded

[Mon, 09 Apr 18 04:13:57 +0700][ERROR] [2]: VendorController handler class cannot be loaded

[Mon, 09 Apr 18 04:13:58 +0700][ERROR] [2]: VendorController handler class cannot be loaded

[Mon, 09 Apr 18 04:14:10 +0700][ERROR] [2]: VendorController handler class cannot be loaded

[Mon, 09 Apr 18 04:14:10 +0700][ERROR] [2]: VendorController handler class cannot be loaded

[Mon, 09 Apr 18 04:14:12 +0700][ERROR] [2]: VendorController handler class cannot be loaded

[Mon, 09 Apr 18 04:14:12 +0700][ERROR] [2]: VendorController handler class cannot be loaded

[Mon, 09 Apr 18 04:14:13 +0700][ERROR] [2]: VendorController handler class cannot be loaded

[Mon, 09 Apr 18 04:14:13 +0700][ERROR] [2]: VendorController handler class cannot be loaded

[Mon, 09 Apr 18 04:14:13 +0700][ERROR] [2]: VendorController handler class cannot be loaded

[Mon, 09 Apr 18 04:14:13 +0700][ERROR] [2]: VendorController handler class cannot be loaded

[Mon, 09 Apr 18 04:14:13 +0700][ERROR] [2]: VendorController handler class cannot be loaded

[Mon, 09 Apr 18 04:14:13 +0700][ERROR] [2]: VendorController handler class cannot be loaded

[Mon, 09 Apr 18 04:14:13 +0700][ERROR] [2]: VendorController handler class cannot be loaded

[Mon, 09 Apr 18 04:14:14 +0700][ERROR] [2]: VendorController handler class cannot be loaded

[Mon, 09 Apr 18 04:14:14 +0700][ERROR] [2]: VendorController handler class cannot be loaded

[Mon, 09 Apr 18 04:14:14 +0700][ERROR] [2]: VendorController handler class cannot be loaded

[Mon, 09 Apr 18 04:15:41 +0700][ERROR] [2]: VendorController handler class cannot be loaded

[Mon, 09 Apr 18 04:15:41 +0700][ERROR] [2]: VendorController handler class cannot be loaded

[Mon, 09 Apr 18 04:18:09 +0700][ERROR] [2]: VendorController handler class cannot be loaded

[Mon, 09 Apr 18 04:18:09 +0700][ERROR] [2]: VendorController handler class cannot be loaded

[Mon, 09 Apr 18 04:18:10 +0700][ERROR] [2]: VendorController handler class cannot be loaded

[Mon, 09 Apr 18 04:18:10 +0700][ERROR] [2]: VendorController handler class cannot be loaded

[Mon, 09 Apr 18 04:18:10 +0700][ERROR] [2]: VendorController handler class cannot be loaded

[Mon, 09 Apr 18 04:18:11 +0700][ERROR] [2]: VendorController handler class cannot be loaded

[Mon, 09 Apr 18 04:18:11 +0700][ERROR] [2]: VendorController handler class cannot be loaded

[Mon, 09 Apr 18 04:18:11 +0700][ERROR] [2]: VendorController handler class cannot be loaded

[Mon, 09 Apr 18 04:18:48 +0700][ERROR] [2]: VendorController handler class cannot be loaded

[Mon, 09 Apr 18 04:18:48 +0700][ERROR] [2]: VendorController handler class cannot be loaded

[Mon, 09 Apr 18 04:24:03 +0700][ERROR] [2]: VendorController handler class cannot be loaded

[Mon, 09 Apr 18 04:24:03 +0700][ERROR] [2]: VendorController handler class cannot be loaded

[Mon, 09 Apr 18 04:24:05 +0700][ERROR] [2]: VendorController handler class cannot be loaded

[Mon, 09 Apr 18 04:24:05 +0700][ERROR] [2]: VendorController handler class cannot be loaded

[Mon, 09 Apr 18 04:24:06 +0700][ERROR] [2]: VendorController handler class cannot be loaded

[Mon, 09 Apr 18 04:24:06 +0700][ERROR] [2]: VendorController handler class cannot be loaded

[Mon, 09 Apr 18 04:24:06 +0700][ERROR] [2]: VendorController handler class cannot be loaded

[Mon, 09 Apr 18 04:24:06 +0700][ERROR] [2]: VendorController handler class cannot be loaded

[Mon, 09 Apr 18 04:24:07 +0700][ERROR] [2]: VendorController handler class cannot be loaded

[Mon, 09 Apr 18 04:24:07 +0700][ERROR] [2]: VendorController handler class cannot be loaded

[Mon, 09 Apr 18 04:27:13 +0700][ERROR] [2]: VendorController handler class cannot be loaded

[Mon, 09 Apr 18 04:27:13 +0700][ERROR] [2]: VendorController handler class cannot be loaded

[Mon, 09 Apr 18 04:27:14 +0700][ERROR] [2]: VendorController handler class cannot be loaded

[Mon, 09 Apr 18 04:27:14 +0700][ERROR] [2]: VendorController handler class cannot be loaded

[Mon, 09 Apr 18 04:27:14 +0700][ERROR] [2]: VendorController handler class cannot be loaded

[Mon, 09 Apr 18 04:27:14 +0700][ERROR] [2]: VendorController handler class cannot be loaded

[Mon, 09 Apr 18 04:27:14 +0700][ERROR] [2]: VendorController handler class cannot be loaded

[Mon, 09 Apr 18 04:27:14 +0700][ERROR] [2]: VendorController handler class cannot be loaded

[Mon, 09 Apr 18 04:27:14 +0700][ERROR] [2]: VendorController handler class cannot be loaded

[Mon, 09 Apr 18 04:27:14 +0700][ERROR] [2]: VendorController handler class cannot be loaded

[Mon, 09 Apr 18 04:27:15 +0700][ERROR] [2]: VendorController handler class cannot be loaded

[Mon, 09 Apr 18 04:27:15 +0700][ERROR] [2]: VendorController handler class cannot be loaded

[Mon, 09 Apr 18 04:27:15 +0700][ERROR] [2]: VendorController handler class cannot be loaded

[Mon, 09 Apr 18 04:27:15 +0700][ERROR] [2]: VendorController handler class cannot be loaded

[Mon, 09 Apr 18 04:27:15 +0700][ERROR] [2]: VendorController handler class cannot be loaded

[Mon, 09 Apr 18 04:27:15 +0700][ERROR] [2]: VendorController handler class cannot be loaded

[Mon, 09 Apr 18 04:28:15 +0700][ERROR] [2]: VendorController handler class cannot be loaded

[Mon, 09 Apr 18 04:28:15 +0700][ERROR] [2]: VendorController handler class cannot be loaded

[Mon, 09 Apr 18 04:28:16 +0700][ERROR] [2]: VendorController handler class cannot be loaded

[Mon, 09 Apr 18 04:28:16 +0700][ERROR] [2]: VendorController handler class cannot be loaded

[Mon, 09 Apr 18 04:28:16 +0700][ERROR] [2]: VendorController handler class cannot be loaded

[Mon, 09 Apr 18 04:28:16 +0700][ERROR] [2]: VendorController handler class cannot be loaded

[Mon, 09 Apr 18 04:28:16 +0700][ERROR] [2]: VendorController handler class cannot be loaded

[Mon, 09 Apr 18 04:28:16 +0700][ERROR] [2]: VendorController handler class cannot be loaded

[Mon, 09 Apr 18 04:28:17 +0700][ERROR] [2]: VendorController handler class cannot be loaded

[Mon, 09 Apr 18 04:28:17 +0700][ERROR] [2]: VendorController handler class cannot be loaded

[Mon, 09 Apr 18 04:28:17 +0700][ERROR] [2]: VendorController handler class cannot be loaded

[Mon, 09 Apr 18 04:28:17 +0700][ERROR] [2]: VendorController handler class cannot be loaded

[Mon, 09 Apr 18 04:28:17 +0700][ERROR] [2]: VendorController handler class cannot be loaded

[Mon, 09 Apr 18 04:28:17 +0700][ERROR] [2]: VendorController handler class cannot be loaded

[Mon, 09 Apr 18 04:28:17 +0700][ERROR] [2]: VendorController handler class cannot be loaded

[Mon, 09 Apr 18 04:28:18 +0700][ERROR] [2]: VendorController handler class cannot be loaded

[Mon, 09 Apr 18 04:28:18 +0700][ERROR] [2]: VendorController handler class cannot be loaded

[Mon, 09 Apr 18 04:28:18 +0700][ERROR] [2]: VendorController handler class cannot be loaded

[Mon, 09 Apr 18 04:28:18 +0700][ERROR] [2]: VendorController handler class cannot be loaded

[Mon, 09 Apr 18 04:28:18 +0700][ERROR] [2]: VendorController handler class cannot be loaded

[Mon, 09 Apr 18 04:28:18 +0700][ERROR] [2]: VendorController handler class cannot be loaded

[Mon, 09 Apr 18 04:28:18 +0700][ERROR] [2]: VendorController handler class cannot be loaded

[Mon, 09 Apr 18 04:28:18 +0700][ERROR] [2]: VendorController handler class cannot be loaded

[Mon, 09 Apr 18 04:28:19 +0700][ERROR] [2]: VendorController handler class cannot be loaded

[Mon, 09 Apr 18 04:28:19 +0700][ERROR] [2]: VendorController handler class cannot be loaded

[Mon, 09 Apr 18 04:28:19 +0700][ERROR] [2]: VendorController handler class cannot be loaded

[Mon, 09 Apr 18 04:28:41 +0700][ERROR] [2]: VendorController handler class cannot be loaded

[Mon, 09 Apr 18 04:28:41 +0700][ERROR] [2]: VendorController handler class cannot be loaded

[Mon, 09 Apr 18 04:28:42 +0700][ERROR] [2]: VendorController handler class cannot be loaded

[Mon, 09 Apr 18 04:28:42 +0700][ERROR] [2]: VendorController handler class cannot be loaded

[Mon, 09 Apr 18 04:28:42 +0700][ERROR] [2]: VendorController handler class cannot be loaded

[Mon, 09 Apr 18 04:28:42 +0700][ERROR] [2]: VendorController handler class cannot be loaded

[Mon, 09 Apr 18 04:28:43 +0700][ERROR] [2]: VendorController handler class cannot be loaded

[Mon, 09 Apr 18 04:28:43 +0700][ERROR] [2]: VendorController handler class cannot be loaded

[Mon, 09 Apr 18 04:28:43 +0700][ERROR] [2]: VendorController handler class cannot be loaded

[Mon, 09 Apr 18 04:28:43 +0700][ERROR] [2]: VendorController handler class cannot be loaded

[Mon, 09 Apr 18 13:18:27 +0700][ERROR] [2]: ImgController handler class cannot be loaded

[Mon, 09 Apr 18 13:18:28 +0700][ERROR] [2]: ImgController handler class cannot be loaded

[Mon, 09 Apr 18 13:18:28 +0700][ERROR] [2]: ImgController handler class cannot be loaded

[Mon, 09 Apr 18 13:18:31 +0700][ERROR] [2]: ImgController handler class cannot be loaded

[Mon, 09 Apr 18 13:18:38 +0700][ERROR] [2]: ImgController handler class cannot be loaded

[Mon, 09 Apr 18 13:40:03 +0700][ERROR] [2]: AppController handler class cannot be loaded

[Mon, 09 Apr 18 13:40:06 +0700][ERROR] [2]: AppController handler class cannot be loaded

[Mon, 09 Apr 18 13:40:08 +0700][ERROR] [2]: AppController handler class cannot be loaded

[Mon, 09 Apr 18 13:40:10 +0700][ERROR] [2]: AppController handler class cannot be loaded

[Mon, 09 Apr 18 13:40:10 +0700][ERROR] [2]: AppController handler class cannot be loaded

[Mon, 09 Apr 18 13:40:11 +0700][ERROR] [2]: AppController handler class cannot be loaded

[Mon, 09 Apr 18 13:40:11 +0700][ERROR] [2]: AppController handler class cannot be loaded

